<?xml version="1.0" encoding="UTF-8"?>
<!-- Generated by org.testng.reporters.JUnitReportReporter -->
<testsuite skipped="0" hostname="97ecd5088d1b" name="com.searchmodule.tests.SearchTest" tests="2" failures="0" timestamp="2021-10-16T06:53:42 GMT" time="6.238" errors="0">
  <testcase name="search" time="3.062" classname="com.searchmodule.tests.SearchTest"/>
  <system-out/>
  <testcase name="search" time="3.176" classname="com.searchmodule.tests.SearchTest"/>
  <system-out/>
</testsuite> <!-- com.searchmodule.tests.SearchTest -->
