<?xml version="1.0" encoding="UTF-8"?>
<!-- Generated by org.testng.reporters.JUnitReportReporter -->
<testsuite hostname="LAPTOP-HHUMO6R2" failures="0" tests="9" name="com.searchmodule.tests.SearchTest" time="12.700" errors="0" timestamp="2021-10-16T22:03:57 IST" skipped="0">
  <testcase classname="com.searchmodule.tests.SearchTest" name="justGoToTheSiteOnceAgain" time="0.286"/>
  <system-out/>
  <testcase classname="com.searchmodule.tests.SearchTest" name="justGoToTheSite" time="0.876"/>
  <system-out/>
  <testcase classname="com.searchmodule.tests.SearchTest" name="justGoToTheSite" time="0.804"/>
  <system-out/>
  <testcase classname="com.searchmodule.tests.SearchTest" name="search" time="2.827"/>
  <system-out/>
  <testcase classname="com.searchmodule.tests.SearchTest" name="justGoToTheSiteOnceAgain" time="0.265"/>
  <system-out/>
  <testcase classname="com.searchmodule.tests.SearchTest" name="justGoToTheSiteOnceAgain" time="0.260"/>
  <system-out/>
  <testcase classname="com.searchmodule.tests.SearchTest" name="search" time="3.063"/>
  <system-out/>
  <testcase classname="com.searchmodule.tests.SearchTest" name="search" time="3.216"/>
  <system-out/>
  <testcase classname="com.searchmodule.tests.SearchTest" name="justGoToTheSite" time="1.103"/>
  <system-out/>
</testsuite> <!-- com.searchmodule.tests.SearchTest -->
