<?xml version="1.0" encoding="UTF-8"?>
<!-- Generated by org.testng.reporters.JUnitReportReporter -->
<testsuite hostname="LAPTOP-HHUMO6R2" failures="0" tests="6" name="com.searchmodule.tests.SearchTest" time="9.917" errors="0" timestamp="2021-10-16T22:56:05 IST" skipped="0">
  <testcase classname="com.searchmodule.tests.SearchTest" name="justGoToTheSite" time="0.805"/>
  <system-out/>
  <testcase classname="com.searchmodule.tests.SearchTest" name="search" time="2.641"/>
  <system-out/>
  <testcase classname="com.searchmodule.tests.SearchTest" name="justGoToTheSite" time="0.653"/>
  <system-out/>
  <testcase classname="com.searchmodule.tests.SearchTest" name="justGoToTheSite" time="0.661"/>
  <system-out/>
  <testcase classname="com.searchmodule.tests.SearchTest" name="search" time="2.447"/>
  <system-out/>
  <testcase classname="com.searchmodule.tests.SearchTest" name="search" time="2.710"/>
  <system-out/>
</testsuite> <!-- com.searchmodule.tests.SearchTest -->
