<?xml version="1.0" encoding="UTF-8"?>
<!-- Generated by org.testng.reporters.JUnitReportReporter -->
<testsuite hostname="Suhails-MacDoo.local" failures="0" tests="6" name="com.searchmodule.tests.SearchTest" time="23.831" errors="0" timestamp="2022-05-06T12:07:04 IST" skipped="0">
  <testcase classname="com.searchmodule.tests.SearchTest" name="search" time="5.517"/>
  <system-out/>
  <testcase classname="com.searchmodule.tests.SearchTest" name="goToSearchPage" time="1.494"/>
  <system-out/>
  <testcase classname="com.searchmodule.tests.SearchTest" name="goToSearchPage" time="1.436"/>
  <system-out/>
  <testcase classname="com.searchmodule.tests.SearchTest" name="search" time="7.948"/>
  <system-out/>
  <testcase classname="com.searchmodule.tests.SearchTest" name="search" time="6.024"/>
  <system-out/>
  <testcase classname="com.searchmodule.tests.SearchTest" name="goToSearchPage" time="1.412"/>
  <system-out/>
</testsuite> <!-- com.searchmodule.tests.SearchTest -->
