<?xml version="1.0" encoding="UTF-8"?>
<!-- Generated by org.testng.reporters.JUnitReportReporter -->
<testsuite hostname="LAPTOP-HHUMO6R2" failures="0" tests="2" name="com.searchmodule.tests.SearchTest" time="6.945" errors="0" timestamp="2021-10-16T13:23:34 IST" skipped="0">
  <testcase classname="com.searchmodule.tests.SearchTest" name="search" time="3.622"/>
  <system-out/>
  <testcase classname="com.searchmodule.tests.SearchTest" name="search" time="3.323"/>
  <system-out/>
</testsuite> <!-- com.searchmodule.tests.SearchTest -->
