<?xml version="1.0" encoding="UTF-8"?>
<!-- Generated by org.testng.reporters.JUnitReportReporter -->
<testsuite hostname="LAPTOP-HHUMO6R2" failures="0" tests="2" name="com.searchmodule.tests.SearchTest" time="6.975" errors="0" timestamp="2021-10-16T11:51:47 IST" skipped="0">
  <testcase classname="com.searchmodule.tests.SearchTest" name="search" time="3.216"/>
  <system-out/>
  <testcase classname="com.searchmodule.tests.SearchTest" name="search" time="3.759"/>
  <system-out/>
</testsuite> <!-- com.searchmodule.tests.SearchTest -->
