<?xml version="1.0" encoding="UTF-8"?>
<!-- Generated by org.testng.reporters.JUnitReportReporter -->
<testsuite skipped="0" hostname="e94d30e9cd30" name="com.searchmodule.tests.SearchTest" tests="9" failures="0" timestamp="2021-10-16T17:00:41 GMT" time="12.497" errors="0">
  <testcase name="justGoToTheSite" time="1.074" classname="com.searchmodule.tests.SearchTest"/>
  <system-out/>
  <testcase name="justGoToTheSiteOnceAgain" time="0.329" classname="com.searchmodule.tests.SearchTest"/>
  <system-out/>
  <testcase name="justGoToTheSite" time="0.977" classname="com.searchmodule.tests.SearchTest"/>
  <system-out/>
  <testcase name="justGoToTheSite" time="0.895" classname="com.searchmodule.tests.SearchTest"/>
  <system-out/>
  <testcase name="justGoToTheSiteOnceAgain" time="0.408" classname="com.searchmodule.tests.SearchTest"/>
  <system-out/>
  <testcase name="justGoToTheSiteOnceAgain" time="0.320" classname="com.searchmodule.tests.SearchTest"/>
  <system-out/>
  <testcase name="search" time="2.608" classname="com.searchmodule.tests.SearchTest"/>
  <system-out/>
  <testcase name="search" time="2.693" classname="com.searchmodule.tests.SearchTest"/>
  <system-out/>
  <testcase name="search" time="3.193" classname="com.searchmodule.tests.SearchTest"/>
  <system-out/>
</testsuite> <!-- com.searchmodule.tests.SearchTest -->
