<?xml version="1.0" encoding="UTF-8"?>
<!-- Generated by org.testng.reporters.JUnitReportReporter -->
<testsuite skipped="0" hostname="31d5ffe59fb4" name="com.searchmodule.tests.SearchTest" tests="2" failures="0" timestamp="2021-10-16T07:06:30 GMT" time="6.110" errors="0">
  <testcase name="search" time="3.038" classname="com.searchmodule.tests.SearchTest"/>
  <system-out/>
  <testcase name="search" time="3.072" classname="com.searchmodule.tests.SearchTest"/>
  <system-out/>
</testsuite> <!-- com.searchmodule.tests.SearchTest -->
