<?xml version="1.0" encoding="UTF-8"?>
<!-- Generated by org.testng.reporters.JUnitReportReporter -->
<testsuite skipped="0" hostname="3c987a7d2bed" name="com.searchmodule.tests.SearchTest" tests="2" failures="0" timestamp="2021-10-16T07:48:04 GMT" time="6.175" errors="0">
  <testcase name="search" time="3.039" classname="com.searchmodule.tests.SearchTest"/>
  <system-out/>
  <testcase name="search" time="3.136" classname="com.searchmodule.tests.SearchTest"/>
  <system-out/>
</testsuite> <!-- com.searchmodule.tests.SearchTest -->
