<?xml version="1.0" encoding="UTF-8"?>
<!-- Generated by org.testng.reporters.JUnitReportReporter -->
<testsuite skipped="0" hostname="938ab29000d7" name="com.searchmodule.tests.SearchTest" tests="6" failures="0" timestamp="2022-05-06T07:50:01 GMT" time="76.656" errors="0">
  <testcase name="goToSearchPage" time="7.112" classname="com.searchmodule.tests.SearchTest"/>
  <system-out/>
  <testcase name="search" time="17.675" classname="com.searchmodule.tests.SearchTest"/>
  <system-out/>
  <testcase name="goToSearchPage" time="7.942" classname="com.searchmodule.tests.SearchTest"/>
  <system-out/>
  <testcase name="goToSearchPage" time="6.777" classname="com.searchmodule.tests.SearchTest"/>
  <system-out/>
  <testcase name="search" time="18.252" classname="com.searchmodule.tests.SearchTest"/>
  <system-out/>
  <testcase name="search" time="18.898" classname="com.searchmodule.tests.SearchTest"/>
  <system-out/>
</testsuite> <!-- com.searchmodule.tests.SearchTest -->
